Determining if the pthread_create exist failed with the following output:
Change Dir: /home/zen/Documents/RoBot/mybot_ws/build/catkin_tools_prebuild/CMakeFiles/CMakeTmp

Run Build Command:"/usr/bin/make" "cmTC_71844/fast"
/usr/bin/make -f CMakeFiles/cmTC_71844.dir/build.make CMakeFiles/cmTC_71844.dir/build
make[1]: Entering directory '/home/zen/Documents/RoBot/mybot_ws/build/catkin_tools_prebuild/CMakeFiles/CMakeTmp'
Building C object CMakeFiles/cmTC_71844.dir/CheckSymbolExists.c.o
/usr/bin/cc     -o CMakeFiles/cmTC_71844.dir/CheckSymbolExists.c.o   -c /home/zen/Documents/RoBot/mybot_ws/build/catkin_tools_prebuild/CMakeFiles/CMakeTmp/CheckSymbolExists.c
Linking C executable cmTC_71844
/usr/bin/cmake -E cmake_link_script CMakeFiles/cmTC_71844.dir/link.txt --verbose=1
/usr/bin/cc       CMakeFiles/cmTC_71844.dir/CheckSymbolExists.c.o  -o cmTC_71844 -rdynamic 
CMakeFiles/cmTC_71844.dir/CheckSymbolExists.c.o: In function `main':
CheckSymbolExists.c:(.text+0x16): undefined reference to `pthread_create'
collect2: error: ld returned 1 exit status
CMakeFiles/cmTC_71844.dir/build.make:97: recipe for target 'cmTC_71844' failed
make[1]: *** [cmTC_71844] Error 1
make[1]: Leaving directory '/home/zen/Documents/RoBot/mybot_ws/build/catkin_tools_prebuild/CMakeFiles/CMakeTmp'
Makefile:126: recipe for target 'cmTC_71844/fast' failed
make: *** [cmTC_71844/fast] Error 2

File /home/zen/Documents/RoBot/mybot_ws/build/catkin_tools_prebuild/CMakeFiles/CMakeTmp/CheckSymbolExists.c:
/* */
#include <pthread.h>

int main(int argc, char** argv)
{
  (void)argv;
#ifndef pthread_create
  return ((int*)(&pthread_create))[argc];
#else
  (void)argc;
  return 0;
#endif
}

Determining if the function pthread_create exists in the pthreads failed with the following output:
Change Dir: /home/zen/Documents/RoBot/mybot_ws/build/catkin_tools_prebuild/CMakeFiles/CMakeTmp

Run Build Command:"/usr/bin/make" "cmTC_5ccce/fast"
/usr/bin/make -f CMakeFiles/cmTC_5ccce.dir/build.make CMakeFiles/cmTC_5ccce.dir/build
make[1]: Entering directory '/home/zen/Documents/RoBot/mybot_ws/build/catkin_tools_prebuild/CMakeFiles/CMakeTmp'
Building C object CMakeFiles/cmTC_5ccce.dir/CheckFunctionExists.c.o
/usr/bin/cc    -DCHECK_FUNCTION_EXISTS=pthread_create   -o CMakeFiles/cmTC_5ccce.dir/CheckFunctionExists.c.o   -c /usr/share/cmake-3.5/Modules/CheckFunctionExists.c
Linking C executable cmTC_5ccce
/usr/bin/cmake -E cmake_link_script CMakeFiles/cmTC_5ccce.dir/link.txt --verbose=1
/usr/bin/cc   -DCHECK_FUNCTION_EXISTS=pthread_create    CMakeFiles/cmTC_5ccce.dir/CheckFunctionExists.c.o  -o cmTC_5ccce -rdynamic -lpthreads 
/usr/bin/ld: cannot find -lpthreads
collect2: error: ld returned 1 exit status
CMakeFiles/cmTC_5ccce.dir/build.make:97: recipe for target 'cmTC_5ccce' failed
make[1]: *** [cmTC_5ccce] Error 1
make[1]: Leaving directory '/home/zen/Documents/RoBot/mybot_ws/build/catkin_tools_prebuild/CMakeFiles/CMakeTmp'
Makefile:126: recipe for target 'cmTC_5ccce/fast' failed
make: *** [cmTC_5ccce/fast] Error 2


